Error: connect ECONNREFUSED 127.0.0.1:3000
    at TCPConnectWrap.afterConnect [as oncomplete] (net.js:1146:16) {
  errno: -4078,
  code: 'ECONNREFUSED',
  syscall: 'connect',
  address: '127.0.0.1',
  port: 3000,
  config: {
    url: 'http://localhost:3000/orders/getOrders',
    method: 'get',
    headers: {
      Accept: 'application/json, text/plain, */*',
      'User-Agent': 'axios/0.21.1'
    },
    transformRequest: [ [Function: transformRequest] ],
    transformResponse: [ [Function: transformResponse] ],
    timeout: 0,
    adapter: [Function: httpAdapter],
    xsrfCookieName: 'XSRF-TOKEN',
    xsrfHeaderName: 'X-XSRF-TOKEN',
    maxContentLength: -1,
    maxBodyLength: -1,
    validateStatus: [Function: validateStatus],
    data: undefined
  },
  request: <ref *1> Writable {
    _writableState: WritableState {
      objectMode: false,
      highWaterMark: 16384,
      finalCalled: false,
      needDrain: false,
      ending: false,
      ended: false,
      finished: false,
      destroyed: false,
      decodeStrings: true,
      defaultEncoding: 'utf8',
      length: 0,
      writing: false,
      corked: 0,
      sync: true,
      bufferProcessing: false,
      onwrite: [Function: bound onwrite],
      writecb: null,
      writelen: 0,
      afterWriteTickInfo: null,
      buffered: [],
      bufferedIndex: 0,
      allBuffers: true,
      allNoop: true,
      pendingcb: 0,
      prefinished: false,
      errorEmitted: false,
      emitClose: true,
      autoDestroy: true,
      errored: null,
      closed: false
    },
    _events: [Object: null prototype] {
      response: [Function: handleResponse],
      error: [Function: handleRequestError]
    },
    _eventsCount: 2,
    _maxListeners: undefined,
    _options: {
      maxRedirects: 21,
      maxBodyLength: 10485760,
      protocol: 'http:',
      path: '/orders/getOrders',
      method: 'GET',
      headers: [Object],
      agent: undefined,
      agents: [Object],
      auth: undefined,
      hostname: 'localhost',
      port: '3000',
      nativeProtocols: [Object],
      pathname: '/orders/getOrders'
    },
    _ended: true,
    _ending: true,
    _redirectCount: 0,
    _redirects: [],
    _requestBodyLength: 0,
    _requestBodyBuffers: [],
    _onNativeResponse: [Function (anonymous)],
    _currentRequest: ClientRequest {
      _events: [Object: null prototype],
      _eventsCount: 7,
      _maxListeners: undefined,
      outputData: [],
      outputSize: 0,
      writable: true,
      destroyed: false,
      _last: true,
      chunkedEncoding: false,
      shouldKeepAlive: false,
      _defaultKeepAlive: true,
      useChunkedEncodingByDefault: false,
      sendDate: false,
      _removedConnection: false,
      _removedContLen: false,
      _removedTE: false,
      _contentLength: 0,
      _hasBody: true,
      _trailer: '',
      finished: true,
      _headerSent: true,
      socket: [Socket],
      _header: 'GET /orders/getOrders HTTP/1.1\r\n' +
        'Accept: application/json, text/plain, */*\r\n' +
        'User-Agent: axios/0.21.1\r\n' +
        'Host: localhost:3000\r\n' +
        'Connection: close\r\n' +
        '\r\n',
      _keepAliveTimeout: 0,
      _onPendingData: [Function: noopPendingOutput],
      agent: [Agent],
      socketPath: undefined,
      method: 'GET',
      maxHeaderSize: undefined,
      insecureHTTPParser: undefined,
      path: '/orders/getOrders',
      _ended: false,
      res: null,
      aborted: false,
      timeoutCb: null,
      upgradeOrConnect: false,
      parser: null,
      maxHeadersCount: null,
      reusedSocket: false,
      host: 'localhost',
      protocol: 'http:',
      _redirectable: [Circular *1],
      [Symbol(kCapture)]: false,
      [Symbol(kNeedDrain)]: false,
      [Symbol(corked)]: 0,
      [Symbol(kOutHeaders)]: [Object: null prototype]
    },
    _currentUrl: 'http://localhost:3000/orders/getOrders',
    [Symbol(kCapture)]: false
  },
  response: undefined,
  isAxiosError: true,
  toJSON: [Function: toJSON]
}
Error: connect ECONNREFUSED 127.0.0.1:3000
    at TCPConnectWrap.afterConnect [as oncomplete] (net.js:1146:16) {
  errno: -4078,
  code: 'ECONNREFUSED',
  syscall: 'connect',
  address: '127.0.0.1',
  port: 3000,
  config: {
    url: 'http://localhost:3000/orders/getOrders',
    method: 'get',
    headers: {
      Accept: 'application/json, text/plain, */*',
      'User-Agent': 'axios/0.21.1'
    },
    transformRequest: [ [Function: transformRequest] ],
    transformResponse: [ [Function: transformResponse] ],
    timeout: 0,
    adapter: [Function: httpAdapter],
    xsrfCookieName: 'XSRF-TOKEN',
    xsrfHeaderName: 'X-XSRF-TOKEN',
    maxContentLength: -1,
    maxBodyLength: -1,
    validateStatus: [Function: validateStatus],
    data: undefined
  },
  request: <ref *1> Writable {
    _writableState: WritableState {
      objectMode: false,
      highWaterMark: 16384,
      finalCalled: false,
      needDrain: false,
      ending: false,
      ended: false,
      finished: false,
      destroyed: false,
      decodeStrings: true,
      defaultEncoding: 'utf8',
      length: 0,
      writing: false,
      corked: 0,
      sync: true,
      bufferProcessing: false,
      onwrite: [Function: bound onwrite],
      writecb: null,
      writelen: 0,
      afterWriteTickInfo: null,
      buffered: [],
      bufferedIndex: 0,
      allBuffers: true,
      allNoop: true,
      pendingcb: 0,
      prefinished: false,
      errorEmitted: false,
      emitClose: true,
      autoDestroy: true,
      errored: null,
      closed: false
    },
    _events: [Object: null prototype] {
      response: [Function: handleResponse],
      error: [Function: handleRequestError]
    },
    _eventsCount: 2,
    _maxListeners: undefined,
    _options: {
      maxRedirects: 21,
      maxBodyLength: 10485760,
      protocol: 'http:',
      path: '/orders/getOrders',
      method: 'GET',
      headers: [Object],
      agent: undefined,
      agents: [Object],
      auth: undefined,
      hostname: 'localhost',
      port: '3000',
      nativeProtocols: [Object],
      pathname: '/orders/getOrders'
    },
    _ended: true,
    _ending: true,
    _redirectCount: 0,
    _redirects: [],
    _requestBodyLength: 0,
    _requestBodyBuffers: [],
    _onNativeResponse: [Function (anonymous)],
    _currentRequest: ClientRequest {
      _events: [Object: null prototype],
      _eventsCount: 7,
      _maxListeners: undefined,
      outputData: [],
      outputSize: 0,
      writable: true,
      destroyed: false,
      _last: true,
      chunkedEncoding: false,
      shouldKeepAlive: false,
      _defaultKeepAlive: true,
      useChunkedEncodingByDefault: false,
      sendDate: false,
      _removedConnection: false,
      _removedContLen: false,
      _removedTE: false,
      _contentLength: 0,
      _hasBody: true,
      _trailer: '',
      finished: true,
      _headerSent: true,
      socket: [Socket],
      _header: 'GET /orders/getOrders HTTP/1.1\r\n' +
        'Accept: application/json, text/plain, */*\r\n' +
        'User-Agent: axios/0.21.1\r\n' +
        'Host: localhost:3000\r\n' +
        'Connection: close\r\n' +
        '\r\n',
      _keepAliveTimeout: 0,
      _onPendingData: [Function: noopPendingOutput],
      agent: [Agent],
      socketPath: undefined,
      method: 'GET',
      maxHeaderSize: undefined,
      insecureHTTPParser: undefined,
      path: '/orders/getOrders',
      _ended: false,
      res: null,
      aborted: false,
      timeoutCb: null,
      upgradeOrConnect: false,
      parser: null,
      maxHeadersCount: null,
      reusedSocket: false,
      host: 'localhost',
      protocol: 'http:',
      _redirectable: [Circular *1],
      [Symbol(kCapture)]: false,
      [Symbol(kNeedDrain)]: false,
      [Symbol(corked)]: 0,
      [Symbol(kOutHeaders)]: [Object: null prototype]
    },
    _currentUrl: 'http://localhost:3000/orders/getOrders',
    [Symbol(kCapture)]: false
  },
  response: undefined,
  isAxiosError: true,
  toJSON: [Function: toJSON]
}
Error: connect ECONNREFUSED 127.0.0.1:3000
    at TCPConnectWrap.afterConnect [as oncomplete] (net.js:1146:16) {
  errno: -4078,
  code: 'ECONNREFUSED',
  syscall: 'connect',
  address: '127.0.0.1',
  port: 3000,
  config: {
    url: 'http://localhost:3000/orders/getOrders',
    method: 'get',
    headers: {
      Accept: 'application/json, text/plain, */*',
      'User-Agent': 'axios/0.21.1'
    },
    transformRequest: [ [Function: transformRequest] ],
    transformResponse: [ [Function: transformResponse] ],
    timeout: 0,
    adapter: [Function: httpAdapter],
    xsrfCookieName: 'XSRF-TOKEN',
    xsrfHeaderName: 'X-XSRF-TOKEN',
    maxContentLength: -1,
    maxBodyLength: -1,
    validateStatus: [Function: validateStatus],
    data: undefined
  },
  request: <ref *1> Writable {
    _writableState: WritableState {
      objectMode: false,
      highWaterMark: 16384,
      finalCalled: false,
      needDrain: false,
      ending: false,
      ended: false,
      finished: false,
      destroyed: false,
      decodeStrings: true,
      defaultEncoding: 'utf8',
      length: 0,
      writing: false,
      corked: 0,
      sync: true,
      bufferProcessing: false,
      onwrite: [Function: bound onwrite],
      writecb: null,
      writelen: 0,
      afterWriteTickInfo: null,
      buffered: [],
      bufferedIndex: 0,
      allBuffers: true,
      allNoop: true,
      pendingcb: 0,
      prefinished: false,
      errorEmitted: false,
      emitClose: true,
      autoDestroy: true,
      errored: null,
      closed: false
    },
    _events: [Object: null prototype] {
      response: [Function: handleResponse],
      error: [Function: handleRequestError]
    },
    _eventsCount: 2,
    _maxListeners: undefined,
    _options: {
      maxRedirects: 21,
      maxBodyLength: 10485760,
      protocol: 'http:',
      path: '/orders/getOrders',
      method: 'GET',
      headers: [Object],
      agent: undefined,
      agents: [Object],
      auth: undefined,
      hostname: 'localhost',
      port: '3000',
      nativeProtocols: [Object],
      pathname: '/orders/getOrders'
    },
    _ended: true,
    _ending: true,
    _redirectCount: 0,
    _redirects: [],
    _requestBodyLength: 0,
    _requestBodyBuffers: [],
    _onNativeResponse: [Function (anonymous)],
    _currentRequest: ClientRequest {
      _events: [Object: null prototype],
      _eventsCount: 7,
      _maxListeners: undefined,
      outputData: [],
      outputSize: 0,
      writable: true,
      destroyed: false,
      _last: true,
      chunkedEncoding: false,
      shouldKeepAlive: false,
      _defaultKeepAlive: true,
      useChunkedEncodingByDefault: false,
      sendDate: false,
      _removedConnection: false,
      _removedContLen: false,
      _removedTE: false,
      _contentLength: 0,
      _hasBody: true,
      _trailer: '',
      finished: true,
      _headerSent: true,
      socket: [Socket],
      _header: 'GET /orders/getOrders HTTP/1.1\r\n' +
        'Accept: application/json, text/plain, */*\r\n' +
        'User-Agent: axios/0.21.1\r\n' +
        'Host: localhost:3000\r\n' +
        'Connection: close\r\n' +
        '\r\n',
      _keepAliveTimeout: 0,
      _onPendingData: [Function: noopPendingOutput],
      agent: [Agent],
      socketPath: undefined,
      method: 'GET',
      maxHeaderSize: undefined,
      insecureHTTPParser: undefined,
      path: '/orders/getOrders',
      _ended: false,
      res: null,
      aborted: false,
      timeoutCb: null,
      upgradeOrConnect: false,
      parser: null,
      maxHeadersCount: null,
      reusedSocket: false,
      host: 'localhost',
      protocol: 'http:',
      _redirectable: [Circular *1],
      [Symbol(kCapture)]: false,
      [Symbol(kNeedDrain)]: false,
      [Symbol(corked)]: 0,
      [Symbol(kOutHeaders)]: [Object: null prototype]
    },
    _currentUrl: 'http://localhost:3000/orders/getOrders',
    [Symbol(kCapture)]: false
  },
  response: undefined,
  isAxiosError: true,
  toJSON: [Function: toJSON]
}
Error: connect ECONNREFUSED 127.0.0.1:3000
    at TCPConnectWrap.afterConnect [as oncomplete] (net.js:1146:16) {
  errno: -4078,
  code: 'ECONNREFUSED',
  syscall: 'connect',
  address: '127.0.0.1',
  port: 3000,
  config: {
    url: 'http://localhost:3000/orders/getOrders',
    method: 'get',
    headers: {
      Accept: 'application/json, text/plain, */*',
      'User-Agent': 'axios/0.21.1'
    },
    transformRequest: [ [Function: transformRequest] ],
    transformResponse: [ [Function: transformResponse] ],
    timeout: 0,
    adapter: [Function: httpAdapter],
    xsrfCookieName: 'XSRF-TOKEN',
    xsrfHeaderName: 'X-XSRF-TOKEN',
    maxContentLength: -1,
    maxBodyLength: -1,
    validateStatus: [Function: validateStatus],
    data: undefined
  },
  request: <ref *1> Writable {
    _writableState: WritableState {
      objectMode: false,
      highWaterMark: 16384,
      finalCalled: false,
      needDrain: false,
      ending: false,
      ended: false,
      finished: false,
      destroyed: false,
      decodeStrings: true,
      defaultEncoding: 'utf8',
      length: 0,
      writing: false,
      corked: 0,
      sync: true,
      bufferProcessing: false,
      onwrite: [Function: bound onwrite],
      writecb: null,
      writelen: 0,
      afterWriteTickInfo: null,
      buffered: [],
      bufferedIndex: 0,
      allBuffers: true,
      allNoop: true,
      pendingcb: 0,
      prefinished: false,
      errorEmitted: false,
      emitClose: true,
      autoDestroy: true,
      errored: null,
      closed: false
    },
    _events: [Object: null prototype] {
      response: [Function: handleResponse],
      error: [Function: handleRequestError]
    },
    _eventsCount: 2,
    _maxListeners: undefined,
    _options: {
      maxRedirects: 21,
      maxBodyLength: 10485760,
      protocol: 'http:',
      path: '/orders/getOrders',
      method: 'GET',
      headers: [Object],
      agent: undefined,
      agents: [Object],
      auth: undefined,
      hostname: 'localhost',
      port: '3000',
      nativeProtocols: [Object],
      pathname: '/orders/getOrders'
    },
    _ended: true,
    _ending: true,
    _redirectCount: 0,
    _redirects: [],
    _requestBodyLength: 0,
    _requestBodyBuffers: [],
    _onNativeResponse: [Function (anonymous)],
    _currentRequest: ClientRequest {
      _events: [Object: null prototype],
      _eventsCount: 7,
      _maxListeners: undefined,
      outputData: [],
      outputSize: 0,
      writable: true,
      destroyed: false,
      _last: true,
      chunkedEncoding: false,
      shouldKeepAlive: false,
      _defaultKeepAlive: true,
      useChunkedEncodingByDefault: false,
      sendDate: false,
      _removedConnection: false,
      _removedContLen: false,
      _removedTE: false,
      _contentLength: 0,
      _hasBody: true,
      _trailer: '',
      finished: true,
      _headerSent: true,
      socket: [Socket],
      _header: 'GET /orders/getOrders HTTP/1.1\r\n' +
        'Accept: application/json, text/plain, */*\r\n' +
        'User-Agent: axios/0.21.1\r\n' +
        'Host: localhost:3000\r\n' +
        'Connection: close\r\n' +
        '\r\n',
      _keepAliveTimeout: 0,
      _onPendingData: [Function: noopPendingOutput],
      agent: [Agent],
      socketPath: undefined,
      method: 'GET',
      maxHeaderSize: undefined,
      insecureHTTPParser: undefined,
      path: '/orders/getOrders',
      _ended: false,
      res: null,
      aborted: false,
      timeoutCb: null,
      upgradeOrConnect: false,
      parser: null,
      maxHeadersCount: null,
      reusedSocket: false,
      host: 'localhost',
      protocol: 'http:',
      _redirectable: [Circular *1],
      [Symbol(kCapture)]: false,
      [Symbol(kNeedDrain)]: false,
      [Symbol(corked)]: 0,
      [Symbol(kOutHeaders)]: [Object: null prototype]
    },
    _currentUrl: 'http://localhost:3000/orders/getOrders',
    [Symbol(kCapture)]: false
  },
  response: undefined,
  isAxiosError: true,
  toJSON: [Function: toJSON]
}
Error: connect ECONNREFUSED 127.0.0.1:3000
    at TCPConnectWrap.afterConnect [as oncomplete] (net.js:1146:16) {
  errno: -4078,
  code: 'ECONNREFUSED',
  syscall: 'connect',
  address: '127.0.0.1',
  port: 3000,
  config: {
    url: 'http://localhost:3000/orders/getOrders',
    method: 'get',
    headers: {
      Accept: 'application/json, text/plain, */*',
      'User-Agent': 'axios/0.21.1'
    },
    transformRequest: [ [Function: transformRequest] ],
    transformResponse: [ [Function: transformResponse] ],
    timeout: 0,
    adapter: [Function: httpAdapter],
    xsrfCookieName: 'XSRF-TOKEN',
    xsrfHeaderName: 'X-XSRF-TOKEN',
    maxContentLength: -1,
    maxBodyLength: -1,
    validateStatus: [Function: validateStatus],
    data: undefined
  },
  request: <ref *1> Writable {
    _writableState: WritableState {
      objectMode: false,
      highWaterMark: 16384,
      finalCalled: false,
      needDrain: false,
      ending: false,
      ended: false,
      finished: false,
      destroyed: false,
      decodeStrings: true,
      defaultEncoding: 'utf8',
      length: 0,
      writing: false,
      corked: 0,
      sync: true,
      bufferProcessing: false,
      onwrite: [Function: bound onwrite],
      writecb: null,
      writelen: 0,
      afterWriteTickInfo: null,
      buffered: [],
      bufferedIndex: 0,
      allBuffers: true,
      allNoop: true,
      pendingcb: 0,
      prefinished: false,
      errorEmitted: false,
      emitClose: true,
      autoDestroy: true,
      errored: null,
      closed: false
    },
    _events: [Object: null prototype] {
      response: [Function: handleResponse],
      error: [Function: handleRequestError]
    },
    _eventsCount: 2,
    _maxListeners: undefined,
    _options: {
      maxRedirects: 21,
      maxBodyLength: 10485760,
      protocol: 'http:',
      path: '/orders/getOrders',
      method: 'GET',
      headers: [Object],
      agent: undefined,
      agents: [Object],
      auth: undefined,
      hostname: 'localhost',
      port: '3000',
      nativeProtocols: [Object],
      pathname: '/orders/getOrders'
    },
    _ended: true,
    _ending: true,
    _redirectCount: 0,
    _redirects: [],
    _requestBodyLength: 0,
    _requestBodyBuffers: [],
    _onNativeResponse: [Function (anonymous)],
    _currentRequest: ClientRequest {
      _events: [Object: null prototype],
      _eventsCount: 7,
      _maxListeners: undefined,
      outputData: [],
      outputSize: 0,
      writable: true,
      destroyed: false,
      _last: true,
      chunkedEncoding: false,
      shouldKeepAlive: false,
      _defaultKeepAlive: true,
      useChunkedEncodingByDefault: false,
      sendDate: false,
      _removedConnection: false,
      _removedContLen: false,
      _removedTE: false,
      _contentLength: 0,
      _hasBody: true,
      _trailer: '',
      finished: true,
      _headerSent: true,
      socket: [Socket],
      _header: 'GET /orders/getOrders HTTP/1.1\r\n' +
        'Accept: application/json, text/plain, */*\r\n' +
        'User-Agent: axios/0.21.1\r\n' +
        'Host: localhost:3000\r\n' +
        'Connection: close\r\n' +
        '\r\n',
      _keepAliveTimeout: 0,
      _onPendingData: [Function: noopPendingOutput],
      agent: [Agent],
      socketPath: undefined,
      method: 'GET',
      maxHeaderSize: undefined,
      insecureHTTPParser: undefined,
      path: '/orders/getOrders',
      _ended: false,
      res: null,
      aborted: false,
      timeoutCb: null,
      upgradeOrConnect: false,
      parser: null,
      maxHeadersCount: null,
      reusedSocket: false,
      host: 'localhost',
      protocol: 'http:',
      _redirectable: [Circular *1],
      [Symbol(kCapture)]: false,
      [Symbol(kNeedDrain)]: false,
      [Symbol(corked)]: 0,
      [Symbol(kOutHeaders)]: [Object: null prototype]
    },
    _currentUrl: 'http://localhost:3000/orders/getOrders',
    [Symbol(kCapture)]: false
  },
  response: undefined,
  isAxiosError: true,
  toJSON: [Function: toJSON]
}
Error: connect ECONNREFUSED 127.0.0.1:3000
    at TCPConnectWrap.afterConnect [as oncomplete] (net.js:1146:16) {
  errno: -4078,
  code: 'ECONNREFUSED',
  syscall: 'connect',
  address: '127.0.0.1',
  port: 3000,
  config: {
    url: 'http://localhost:3000/orders/getOrders',
    method: 'get',
    headers: {
      Accept: 'application/json, text/plain, */*',
      'User-Agent': 'axios/0.21.1'
    },
    transformRequest: [ [Function: transformRequest] ],
    transformResponse: [ [Function: transformResponse] ],
    timeout: 0,
    adapter: [Function: httpAdapter],
    xsrfCookieName: 'XSRF-TOKEN',
    xsrfHeaderName: 'X-XSRF-TOKEN',
    maxContentLength: -1,
    maxBodyLength: -1,
    validateStatus: [Function: validateStatus],
    data: undefined
  },
  request: <ref *1> Writable {
    _writableState: WritableState {
      objectMode: false,
      highWaterMark: 16384,
      finalCalled: false,
      needDrain: false,
      ending: false,
      ended: false,
      finished: false,
      destroyed: false,
      decodeStrings: true,
      defaultEncoding: 'utf8',
      length: 0,
      writing: false,
      corked: 0,
      sync: true,
      bufferProcessing: false,
      onwrite: [Function: bound onwrite],
      writecb: null,
      writelen: 0,
      afterWriteTickInfo: null,
      buffered: [],
      bufferedIndex: 0,
      allBuffers: true,
      allNoop: true,
      pendingcb: 0,
      prefinished: false,
      errorEmitted: false,
      emitClose: true,
      autoDestroy: true,
      errored: null,
      closed: false
    },
    _events: [Object: null prototype] {
      response: [Function: handleResponse],
      error: [Function: handleRequestError]
    },
    _eventsCount: 2,
    _maxListeners: undefined,
    _options: {
      maxRedirects: 21,
      maxBodyLength: 10485760,
      protocol: 'http:',
      path: '/orders/getOrders',
      method: 'GET',
      headers: [Object],
      agent: undefined,
      agents: [Object],
      auth: undefined,
      hostname: 'localhost',
      port: '3000',
      nativeProtocols: [Object],
      pathname: '/orders/getOrders'
    },
    _ended: true,
    _ending: true,
    _redirectCount: 0,
    _redirects: [],
    _requestBodyLength: 0,
    _requestBodyBuffers: [],
    _onNativeResponse: [Function (anonymous)],
    _currentRequest: ClientRequest {
      _events: [Object: null prototype],
      _eventsCount: 7,
      _maxListeners: undefined,
      outputData: [],
      outputSize: 0,
      writable: true,
      destroyed: false,
      _last: true,
      chunkedEncoding: false,
      shouldKeepAlive: false,
      _defaultKeepAlive: true,
      useChunkedEncodingByDefault: false,
      sendDate: false,
      _removedConnection: false,
      _removedContLen: false,
      _removedTE: false,
      _contentLength: 0,
      _hasBody: true,
      _trailer: '',
      finished: true,
      _headerSent: true,
      socket: [Socket],
      _header: 'GET /orders/getOrders HTTP/1.1\r\n' +
        'Accept: application/json, text/plain, */*\r\n' +
        'User-Agent: axios/0.21.1\r\n' +
        'Host: localhost:3000\r\n' +
        'Connection: close\r\n' +
        '\r\n',
      _keepAliveTimeout: 0,
      _onPendingData: [Function: noopPendingOutput],
      agent: [Agent],
      socketPath: undefined,
      method: 'GET',
      maxHeaderSize: undefined,
      insecureHTTPParser: undefined,
      path: '/orders/getOrders',
      _ended: false,
      res: null,
      aborted: false,
      timeoutCb: null,
      upgradeOrConnect: false,
      parser: null,
      maxHeadersCount: null,
      reusedSocket: false,
      host: 'localhost',
      protocol: 'http:',
      _redirectable: [Circular *1],
      [Symbol(kCapture)]: false,
      [Symbol(kNeedDrain)]: false,
      [Symbol(corked)]: 0,
      [Symbol(kOutHeaders)]: [Object: null prototype]
    },
    _currentUrl: 'http://localhost:3000/orders/getOrders',
    [Symbol(kCapture)]: false
  },
  response: undefined,
  isAxiosError: true,
  toJSON: [Function: toJSON]
}
Error: connect ECONNREFUSED 127.0.0.1:3000
    at TCPConnectWrap.afterConnect [as oncomplete] (net.js:1146:16) {
  errno: -4078,
  code: 'ECONNREFUSED',
  syscall: 'connect',
  address: '127.0.0.1',
  port: 3000,
  config: {
    url: 'http://localhost:3000/orders/getOrders',
    method: 'get',
    headers: {
      Accept: 'application/json, text/plain, */*',
      'User-Agent': 'axios/0.21.1'
    },
    transformRequest: [ [Function: transformRequest] ],
    transformResponse: [ [Function: transformResponse] ],
    timeout: 0,
    adapter: [Function: httpAdapter],
    xsrfCookieName: 'XSRF-TOKEN',
    xsrfHeaderName: 'X-XSRF-TOKEN',
    maxContentLength: -1,
    maxBodyLength: -1,
    validateStatus: [Function: validateStatus],
    data: undefined
  },
  request: <ref *1> Writable {
    _writableState: WritableState {
      objectMode: false,
      highWaterMark: 16384,
      finalCalled: false,
      needDrain: false,
      ending: false,
      ended: false,
      finished: false,
      destroyed: false,
      decodeStrings: true,
      defaultEncoding: 'utf8',
      length: 0,
      writing: false,
      corked: 0,
      sync: true,
      bufferProcessing: false,
      onwrite: [Function: bound onwrite],
      writecb: null,
      writelen: 0,
      afterWriteTickInfo: null,
      buffered: [],
      bufferedIndex: 0,
      allBuffers: true,
      allNoop: true,
      pendingcb: 0,
      prefinished: false,
      errorEmitted: false,
      emitClose: true,
      autoDestroy: true,
      errored: null,
      closed: false
    },
    _events: [Object: null prototype] {
      response: [Function: handleResponse],
      error: [Function: handleRequestError]
    },
    _eventsCount: 2,
    _maxListeners: undefined,
    _options: {
      maxRedirects: 21,
      maxBodyLength: 10485760,
      protocol: 'http:',
      path: '/orders/getOrders',
      method: 'GET',
      headers: [Object],
      agent: undefined,
      agents: [Object],
      auth: undefined,
      hostname: 'localhost',
      port: '3000',
      nativeProtocols: [Object],
      pathname: '/orders/getOrders'
    },
    _ended: true,
    _ending: true,
    _redirectCount: 0,
    _redirects: [],
    _requestBodyLength: 0,
    _requestBodyBuffers: [],
    _onNativeResponse: [Function (anonymous)],
    _currentRequest: ClientRequest {
      _events: [Object: null prototype],
      _eventsCount: 7,
      _maxListeners: undefined,
      outputData: [],
      outputSize: 0,
      writable: true,
      destroyed: false,
      _last: true,
      chunkedEncoding: false,
      shouldKeepAlive: false,
      _defaultKeepAlive: true,
      useChunkedEncodingByDefault: false,
      sendDate: false,
      _removedConnection: false,
      _removedContLen: false,
      _removedTE: false,
      _contentLength: 0,
      _hasBody: true,
      _trailer: '',
      finished: true,
      _headerSent: true,
      socket: [Socket],
      _header: 'GET /orders/getOrders HTTP/1.1\r\n' +
        'Accept: application/json, text/plain, */*\r\n' +
        'User-Agent: axios/0.21.1\r\n' +
        'Host: localhost:3000\r\n' +
        'Connection: close\r\n' +
        '\r\n',
      _keepAliveTimeout: 0,
      _onPendingData: [Function: noopPendingOutput],
      agent: [Agent],
      socketPath: undefined,
      method: 'GET',
      maxHeaderSize: undefined,
      insecureHTTPParser: undefined,
      path: '/orders/getOrders',
      _ended: false,
      res: null,
      aborted: false,
      timeoutCb: null,
      upgradeOrConnect: false,
      parser: null,
      maxHeadersCount: null,
      reusedSocket: false,
      host: 'localhost',
      protocol: 'http:',
      _redirectable: [Circular *1],
      [Symbol(kCapture)]: false,
      [Symbol(kNeedDrain)]: false,
      [Symbol(corked)]: 0,
      [Symbol(kOutHeaders)]: [Object: null prototype]
    },
    _currentUrl: 'http://localhost:3000/orders/getOrders',
    [Symbol(kCapture)]: false
  },
  response: undefined,
  isAxiosError: true,
  toJSON: [Function: toJSON]
}
Error: connect ECONNREFUSED 127.0.0.1:3000
    at TCPConnectWrap.afterConnect [as oncomplete] (net.js:1146:16) {
  errno: -4078,
  code: 'ECONNREFUSED',
  syscall: 'connect',
  address: '127.0.0.1',
  port: 3000,
  config: {
    url: 'http://localhost:3000/orders/getOrders',
    method: 'get',
    headers: {
      Accept: 'application/json, text/plain, */*',
      'User-Agent': 'axios/0.21.1'
    },
    transformRequest: [ [Function: transformRequest] ],
    transformResponse: [ [Function: transformResponse] ],
    timeout: 0,
    adapter: [Function: httpAdapter],
    xsrfCookieName: 'XSRF-TOKEN',
    xsrfHeaderName: 'X-XSRF-TOKEN',
    maxContentLength: -1,
    maxBodyLength: -1,
    validateStatus: [Function: validateStatus],
    data: undefined
  },
  request: <ref *1> Writable {
    _writableState: WritableState {
      objectMode: false,
      highWaterMark: 16384,
      finalCalled: false,
      needDrain: false,
      ending: false,
      ended: false,
      finished: false,
      destroyed: false,
      decodeStrings: true,
      defaultEncoding: 'utf8',
      length: 0,
      writing: false,
      corked: 0,
      sync: true,
      bufferProcessing: false,
      onwrite: [Function: bound onwrite],
      writecb: null,
      writelen: 0,
      afterWriteTickInfo: null,
      buffered: [],
      bufferedIndex: 0,
      allBuffers: true,
      allNoop: true,
      pendingcb: 0,
      prefinished: false,
      errorEmitted: false,
      emitClose: true,
      autoDestroy: true,
      errored: null,
      closed: false
    },
    _events: [Object: null prototype] {
      response: [Function: handleResponse],
      error: [Function: handleRequestError]
    },
    _eventsCount: 2,
    _maxListeners: undefined,
    _options: {
      maxRedirects: 21,
      maxBodyLength: 10485760,
      protocol: 'http:',
      path: '/orders/getOrders',
      method: 'GET',
      headers: [Object],
      agent: undefined,
      agents: [Object],
      auth: undefined,
      hostname: 'localhost',
      port: '3000',
      nativeProtocols: [Object],
      pathname: '/orders/getOrders'
    },
    _ended: true,
    _ending: true,
    _redirectCount: 0,
    _redirects: [],
    _requestBodyLength: 0,
    _requestBodyBuffers: [],
    _onNativeResponse: [Function (anonymous)],
    _currentRequest: ClientRequest {
      _events: [Object: null prototype],
      _eventsCount: 7,
      _maxListeners: undefined,
      outputData: [],
      outputSize: 0,
      writable: true,
      destroyed: false,
      _last: true,
      chunkedEncoding: false,
      shouldKeepAlive: false,
      _defaultKeepAlive: true,
      useChunkedEncodingByDefault: false,
      sendDate: false,
      _removedConnection: false,
      _removedContLen: false,
      _removedTE: false,
      _contentLength: 0,
      _hasBody: true,
      _trailer: '',
      finished: true,
      _headerSent: true,
      socket: [Socket],
      _header: 'GET /orders/getOrders HTTP/1.1\r\n' +
        'Accept: application/json, text/plain, */*\r\n' +
        'User-Agent: axios/0.21.1\r\n' +
        'Host: localhost:3000\r\n' +
        'Connection: close\r\n' +
        '\r\n',
      _keepAliveTimeout: 0,
      _onPendingData: [Function: noopPendingOutput],
      agent: [Agent],
      socketPath: undefined,
      method: 'GET',
      maxHeaderSize: undefined,
      insecureHTTPParser: undefined,
      path: '/orders/getOrders',
      _ended: false,
      res: null,
      aborted: false,
      timeoutCb: null,
      upgradeOrConnect: false,
      parser: null,
      maxHeadersCount: null,
      reusedSocket: false,
      host: 'localhost',
      protocol: 'http:',
      _redirectable: [Circular *1],
      [Symbol(kCapture)]: false,
      [Symbol(kNeedDrain)]: false,
      [Symbol(corked)]: 0,
      [Symbol(kOutHeaders)]: [Object: null prototype]
    },
    _currentUrl: 'http://localhost:3000/orders/getOrders',
    [Symbol(kCapture)]: false
  },
  response: undefined,
  isAxiosError: true,
  toJSON: [Function: toJSON]
}
Error: connect ECONNREFUSED 127.0.0.1:3000
    at TCPConnectWrap.afterConnect [as oncomplete] (net.js:1146:16) {
  errno: -4078,
  code: 'ECONNREFUSED',
  syscall: 'connect',
  address: '127.0.0.1',
  port: 3000,
  config: {
    url: 'http://localhost:3000/orders/getOrders',
    method: 'get',
    headers: {
      Accept: 'application/json, text/plain, */*',
      'User-Agent': 'axios/0.21.1'
    },
    transformRequest: [ [Function: transformRequest] ],
    transformResponse: [ [Function: transformResponse] ],
    timeout: 0,
    adapter: [Function: httpAdapter],
    xsrfCookieName: 'XSRF-TOKEN',
    xsrfHeaderName: 'X-XSRF-TOKEN',
    maxContentLength: -1,
    maxBodyLength: -1,
    validateStatus: [Function: validateStatus],
    data: undefined
  },
  request: <ref *1> Writable {
    _writableState: WritableState {
      objectMode: false,
      highWaterMark: 16384,
      finalCalled: false,
      needDrain: false,
      ending: false,
      ended: false,
      finished: false,
      destroyed: false,
      decodeStrings: true,
      defaultEncoding: 'utf8',
      length: 0,
      writing: false,
      corked: 0,
      sync: true,
      bufferProcessing: false,
      onwrite: [Function: bound onwrite],
      writecb: null,
      writelen: 0,
      afterWriteTickInfo: null,
      buffered: [],
      bufferedIndex: 0,
      allBuffers: true,
      allNoop: true,
      pendingcb: 0,
      prefinished: false,
      errorEmitted: false,
      emitClose: true,
      autoDestroy: true,
      errored: null,
      closed: false
    },
    _events: [Object: null prototype] {
      response: [Function: handleResponse],
      error: [Function: handleRequestError]
    },
    _eventsCount: 2,
    _maxListeners: undefined,
    _options: {
      maxRedirects: 21,
      maxBodyLength: 10485760,
      protocol: 'http:',
      path: '/orders/getOrders',
      method: 'GET',
      headers: [Object],
      agent: undefined,
      agents: [Object],
      auth: undefined,
      hostname: 'localhost',
      port: '3000',
      nativeProtocols: [Object],
      pathname: '/orders/getOrders'
    },
    _ended: true,
    _ending: true,
    _redirectCount: 0,
    _redirects: [],
    _requestBodyLength: 0,
    _requestBodyBuffers: [],
    _onNativeResponse: [Function (anonymous)],
    _currentRequest: ClientRequest {
      _events: [Object: null prototype],
      _eventsCount: 7,
      _maxListeners: undefined,
      outputData: [],
      outputSize: 0,
      writable: true,
      destroyed: false,
      _last: true,
      chunkedEncoding: false,
      shouldKeepAlive: false,
      _defaultKeepAlive: true,
      useChunkedEncodingByDefault: false,
      sendDate: false,
      _removedConnection: false,
      _removedContLen: false,
      _removedTE: false,
      _contentLength: 0,
      _hasBody: true,
      _trailer: '',
      finished: true,
      _headerSent: true,
      socket: [Socket],
      _header: 'GET /orders/getOrders HTTP/1.1\r\n' +
        'Accept: application/json, text/plain, */*\r\n' +
        'User-Agent: axios/0.21.1\r\n' +
        'Host: localhost:3000\r\n' +
        'Connection: close\r\n' +
        '\r\n',
      _keepAliveTimeout: 0,
      _onPendingData: [Function: noopPendingOutput],
      agent: [Agent],
      socketPath: undefined,
      method: 'GET',
      maxHeaderSize: undefined,
      insecureHTTPParser: undefined,
      path: '/orders/getOrders',
      _ended: false,
      res: null,
      aborted: false,
      timeoutCb: null,
      upgradeOrConnect: false,
      parser: null,
      maxHeadersCount: null,
      reusedSocket: false,
      host: 'localhost',
      protocol: 'http:',
      _redirectable: [Circular *1],
      [Symbol(kCapture)]: false,
      [Symbol(kNeedDrain)]: false,
      [Symbol(corked)]: 0,
      [Symbol(kOutHeaders)]: [Object: null prototype]
    },
    _currentUrl: 'http://localhost:3000/orders/getOrders',
    [Symbol(kCapture)]: false
  },
  response: undefined,
  isAxiosError: true,
  toJSON: [Function: toJSON]
}
Error: connect ECONNREFUSED 127.0.0.1:3000
    at TCPConnectWrap.afterConnect [as oncomplete] (net.js:1146:16) {
  errno: -4078,
  code: 'ECONNREFUSED',
  syscall: 'connect',
  address: '127.0.0.1',
  port: 3000,
  config: {
    url: 'http://localhost:3000/orders/getOrders',
    method: 'get',
    headers: {
      Accept: 'application/json, text/plain, */*',
      'User-Agent': 'axios/0.21.1'
    },
    transformRequest: [ [Function: transformRequest] ],
    transformResponse: [ [Function: transformResponse] ],
    timeout: 0,
    adapter: [Function: httpAdapter],
    xsrfCookieName: 'XSRF-TOKEN',
    xsrfHeaderName: 'X-XSRF-TOKEN',
    maxContentLength: -1,
    maxBodyLength: -1,
    validateStatus: [Function: validateStatus],
    data: undefined
  },
  request: <ref *1> Writable {
    _writableState: WritableState {
      objectMode: false,
      highWaterMark: 16384,
      finalCalled: false,
      needDrain: false,
      ending: false,
      ended: false,
      finished: false,
      destroyed: false,
      decodeStrings: true,
      defaultEncoding: 'utf8',
      length: 0,
      writing: false,
      corked: 0,
      sync: true,
      bufferProcessing: false,
      onwrite: [Function: bound onwrite],
      writecb: null,
      writelen: 0,
      afterWriteTickInfo: null,
      buffered: [],
      bufferedIndex: 0,
      allBuffers: true,
      allNoop: true,
      pendingcb: 0,
      prefinished: false,
      errorEmitted: false,
      emitClose: true,
      autoDestroy: true,
      errored: null,
      closed: false
    },
    _events: [Object: null prototype] {
      response: [Function: handleResponse],
      error: [Function: handleRequestError]
    },
    _eventsCount: 2,
    _maxListeners: undefined,
    _options: {
      maxRedirects: 21,
      maxBodyLength: 10485760,
      protocol: 'http:',
      path: '/orders/getOrders',
      method: 'GET',
      headers: [Object],
      agent: undefined,
      agents: [Object],
      auth: undefined,
      hostname: 'localhost',
      port: '3000',
      nativeProtocols: [Object],
      pathname: '/orders/getOrders'
    },
    _ended: true,
    _ending: true,
    _redirectCount: 0,
    _redirects: [],
    _requestBodyLength: 0,
    _requestBodyBuffers: [],
    _onNativeResponse: [Function (anonymous)],
    _currentRequest: ClientRequest {
      _events: [Object: null prototype],
      _eventsCount: 7,
      _maxListeners: undefined,
      outputData: [],
      outputSize: 0,
      writable: true,
      destroyed: false,
      _last: true,
      chunkedEncoding: false,
      shouldKeepAlive: false,
      _defaultKeepAlive: true,
      useChunkedEncodingByDefault: false,
      sendDate: false,
      _removedConnection: false,
      _removedContLen: false,
      _removedTE: false,
      _contentLength: 0,
      _hasBody: true,
      _trailer: '',
      finished: true,
      _headerSent: true,
      socket: [Socket],
      _header: 'GET /orders/getOrders HTTP/1.1\r\n' +
        'Accept: application/json, text/plain, */*\r\n' +
        'User-Agent: axios/0.21.1\r\n' +
        'Host: localhost:3000\r\n' +
        'Connection: close\r\n' +
        '\r\n',
      _keepAliveTimeout: 0,
      _onPendingData: [Function: noopPendingOutput],
      agent: [Agent],
      socketPath: undefined,
      method: 'GET',
      maxHeaderSize: undefined,
      insecureHTTPParser: undefined,
      path: '/orders/getOrders',
      _ended: false,
      res: null,
      aborted: false,
      timeoutCb: null,
      upgradeOrConnect: false,
      parser: null,
      maxHeadersCount: null,
      reusedSocket: false,
      host: 'localhost',
      protocol: 'http:',
      _redirectable: [Circular *1],
      [Symbol(kCapture)]: false,
      [Symbol(kNeedDrain)]: false,
      [Symbol(corked)]: 0,
      [Symbol(kOutHeaders)]: [Object: null prototype]
    },
    _currentUrl: 'http://localhost:3000/orders/getOrders',
    [Symbol(kCapture)]: false
  },
  response: undefined,
  isAxiosError: true,
  toJSON: [Function: toJSON]
}
